<?xml version="1.0" encoding="UTF-8"?>
<testng-results ignored="0" total="2" passed="2" failed="0" skipped="0">
  <reporter-output>
  </reporter-output>
  <suite started-at="2022-03-08T13:00:34 IST" name="Default suite" finished-at="2022-03-08T13:00:41 IST" duration-ms="7818">
    <groups>
      <group name="cucumber">
        <method signature="AbstractTestNGCucumberTests.runScenario(io.cucumber.testng.PickleWrapper,io.cucumber.testng.FeatureWrapper)[pri:0, instance:runners.GooglePageRunner@2d710f1a]" name="runScenario" class="io.cucumber.testng.AbstractTestNGCucumberTests"/>
      </group> <!-- cucumber -->
    </groups>
    <test started-at="2022-03-08T13:00:34 IST" name="Default test" finished-at="2022-03-08T13:00:41 IST" duration-ms="7818">
      <class name="runners.GooglePageRunner">
        <test-method is-config="true" signature="setUpClass(org.testng.ITestContext)[pri:0, instance:runners.GooglePageRunner@2d710f1a]" started-at="2022-03-08T13:00:34 IST" name="setUpClass" finished-at="2022-03-08T13:00:34 IST" duration-ms="272" status="PASS">
          <params>
            <param index="0">
              <value>
                <![CDATA[org.testng.TestRunner@340b9973]]>
              </value>
            </param>
          </params>
          <reporter-output>
          </reporter-output>
        </test-method> <!-- setUpClass -->
        <test-method signature="runScenario(io.cucumber.testng.PickleWrapper,io.cucumber.testng.FeatureWrapper)[pri:0, instance:runners.GooglePageRunner@2d710f1a]" started-at="2022-03-08T13:00:34 IST" name="runScenario" description="Runs Cucumber Scenarios" data-provider="scenarios" finished-at="2022-03-08T13:00:41 IST" duration-ms="7494" status="PASS">
          <params>
            <param index="0">
              <value>
                <![CDATA["Java search"]]>
              </value>
            </param>
            <param index="1">
              <value>
                <![CDATA["Optional[Google Page Search]"]]>
              </value>
            </param>
          </params>
          <reporter-output>
          </reporter-output>
        </test-method> <!-- runScenario -->
        <test-method signature="runScenario(io.cucumber.testng.PickleWrapper,io.cucumber.testng.FeatureWrapper)[pri:0, instance:runners.GooglePageRunner@2d710f1a]" started-at="2022-03-08T13:00:34 IST" name="runScenario" description="Runs Cucumber Scenarios" data-provider="scenarios" finished-at="2022-03-08T13:00:41 IST" duration-ms="7235" status="PASS">
          <params>
            <param index="0">
              <value>
                <![CDATA["Selenium Search"]]>
              </value>
            </param>
            <param index="1">
              <value>
                <![CDATA["Optional[Google Page Search]"]]>
              </value>
            </param>
          </params>
          <reporter-output>
          </reporter-output>
        </test-method> <!-- runScenario -->
        <test-method is-config="true" signature="tearDownClass()[pri:0, instance:runners.GooglePageRunner@2d710f1a]" started-at="2022-03-08T13:00:41 IST" name="tearDownClass" finished-at="2022-03-08T13:00:41 IST" duration-ms="7" status="PASS">
          <reporter-output>
          </reporter-output>
        </test-method> <!-- tearDownClass -->
      </class> <!-- runners.GooglePageRunner -->
    </test> <!-- Default test -->
  </suite> <!-- Default suite -->
</testng-results>
